2025-08-05 07:09:08,228 - __main__ - INFO - Carregando dados: c:\Users\PICHAU\Desktop\robo-de-busca\5-dadosTratados\dados_tratados_dados_avancados_curtidas_tratado_confresa_vila_rica_sao_felix_MT.csv
2025-08-05 07:09:08,281 - __main__ - INFO - Dados carregados: 13445 registros
2025-08-05 07:09:08,281 - __main__ - INFO - Iniciando pipeline de análise e classificação...
2025-08-05 07:09:08,282 - __main__ - INFO - Iniciando sanitização dos dados...
2025-08-05 07:09:08,286 - __main__ - INFO - Sanitização concluída
2025-08-05 07:09:08,286 - __main__ - INFO - Processando dados de seguidores...
2025-08-05 07:09:08,303 - __main__ - INFO - Extraindo informações de localização...
2025-08-05 07:09:08,979 - __main__ - INFO - Classificando tipos de perfil...
2025-08-05 07:09:09,154 - __main__ - INFO - Identificando estudantes...
2025-08-05 07:09:09,636 - __main__ - INFO - Inferindo gênero...
2025-08-05 07:09:09,749 - __main__ - INFO - Iniciando salvamento dos segmentos...
2025-08-05 07:09:09,759 - __main__ - INFO -    - Salvando: c:\Users\PICHAU\Desktop\robo-de-busca\6-classificacao\Tipo Perfil\Empresa__Comércio.csv (591 registros)
2025-08-05 07:09:09,841 - __main__ - INFO -    - Salvando: c:\Users\PICHAU\Desktop\robo-de-busca\6-classificacao\Tipo Perfil\Pessoa__Criador.csv (12854 registros)
2025-08-05 07:09:09,846 - __main__ - INFO -    - Salvando: c:\Users\PICHAU\Desktop\robo-de-busca\6-classificacao\Estado\AC.csv (16 registros)
2025-08-05 07:09:09,848 - __main__ - INFO -    - Salvando: c:\Users\PICHAU\Desktop\robo-de-busca\6-classificacao\Estado\AL.csv (28 registros)
2025-08-05 07:09:09,849 - __main__ - INFO -    - Salvando: c:\Users\PICHAU\Desktop\robo-de-busca\6-classificacao\Estado\AM.csv (18 registros)
2025-08-05 07:09:09,850 - __main__ - INFO -    - Salvando: c:\Users\PICHAU\Desktop\robo-de-busca\6-classificacao\Estado\AP.csv (9 registros)
2025-08-05 07:09:09,851 - __main__ - INFO -    - Salvando: c:\Users\PICHAU\Desktop\robo-de-busca\6-classificacao\Estado\BA.csv (44 registros)
2025-08-05 07:09:09,852 - __main__ - INFO -    - Salvando: c:\Users\PICHAU\Desktop\robo-de-busca\6-classificacao\Estado\CE.csv (31 registros)
2025-08-05 07:09:09,853 - __main__ - INFO -    - Salvando: c:\Users\PICHAU\Desktop\robo-de-busca\6-classificacao\Estado\DF.csv (14 registros)
2025-08-05 07:09:09,855 - __main__ - INFO -    - Salvando: c:\Users\PICHAU\Desktop\robo-de-busca\6-classificacao\Estado\ES.csv (28 registros)
2025-08-05 07:09:09,857 - __main__ - INFO -    - Salvando: c:\Users\PICHAU\Desktop\robo-de-busca\6-classificacao\Estado\GO.csv (161 registros)
2025-08-05 07:09:09,858 - __main__ - INFO -    - Salvando: c:\Users\PICHAU\Desktop\robo-de-busca\6-classificacao\Estado\MA.csv (63 registros)
2025-08-05 07:09:09,860 - __main__ - INFO -    - Salvando: c:\Users\PICHAU\Desktop\robo-de-busca\6-classificacao\Estado\MG.csv (91 registros)
2025-08-05 07:09:09,861 - __main__ - INFO -    - Salvando: c:\Users\PICHAU\Desktop\robo-de-busca\6-classificacao\Estado\MS.csv (32 registros)
2025-08-05 07:09:09,871 - __main__ - INFO -    - Salvando: c:\Users\PICHAU\Desktop\robo-de-busca\6-classificacao\Estado\MT.csv (826 registros)
2025-08-05 07:09:09,873 - __main__ - INFO -    - Salvando: c:\Users\PICHAU\Desktop\robo-de-busca\6-classificacao\Estado\PA.csv (38 registros)
2025-08-05 07:09:09,874 - __main__ - INFO -    - Salvando: c:\Users\PICHAU\Desktop\robo-de-busca\6-classificacao\Estado\PB.csv (6 registros)
2025-08-05 07:09:09,875 - __main__ - INFO -    - Salvando: c:\Users\PICHAU\Desktop\robo-de-busca\6-classificacao\Estado\PE.csv (16 registros)
2025-08-05 07:09:09,876 - __main__ - INFO -    - Salvando: c:\Users\PICHAU\Desktop\robo-de-busca\6-classificacao\Estado\PI.csv (12 registros)
2025-08-05 07:09:09,877 - __main__ - INFO -    - Salvando: c:\Users\PICHAU\Desktop\robo-de-busca\6-classificacao\Estado\PR.csv (32 registros)
2025-08-05 07:09:09,878 - __main__ - INFO -    - Salvando: c:\Users\PICHAU\Desktop\robo-de-busca\6-classificacao\Estado\RJ.csv (44 registros)
2025-08-05 07:09:09,880 - __main__ - INFO -    - Salvando: c:\Users\PICHAU\Desktop\robo-de-busca\6-classificacao\Estado\RN.csv (14 registros)
2025-08-05 07:09:09,881 - __main__ - INFO -    - Salvando: c:\Users\PICHAU\Desktop\robo-de-busca\6-classificacao\Estado\RO.csv (27 registros)
2025-08-05 07:09:09,882 - __main__ - INFO -    - Salvando: c:\Users\PICHAU\Desktop\robo-de-busca\6-classificacao\Estado\RR.csv (5 registros)
2025-08-05 07:09:09,884 - __main__ - INFO -    - Salvando: c:\Users\PICHAU\Desktop\robo-de-busca\6-classificacao\Estado\RS.csv (24 registros)
2025-08-05 07:09:09,885 - __main__ - INFO -    - Salvando: c:\Users\PICHAU\Desktop\robo-de-busca\6-classificacao\Estado\SC.csv (32 registros)
2025-08-05 07:09:09,887 - __main__ - INFO -    - Salvando: c:\Users\PICHAU\Desktop\robo-de-busca\6-classificacao\Estado\SE.csv (135 registros)
2025-08-05 07:09:09,888 - __main__ - INFO -    - Salvando: c:\Users\PICHAU\Desktop\robo-de-busca\6-classificacao\Estado\SP.csv (81 registros)
2025-08-05 07:09:09,891 - __main__ - INFO -    - Salvando: c:\Users\PICHAU\Desktop\robo-de-busca\6-classificacao\Estado\TO.csv (100 registros)
2025-08-05 07:09:09,895 - __main__ - INFO -    - Salvando: c:\Users\PICHAU\Desktop\robo-de-busca\6-classificacao\Cidade\Araguaína.csv (1 registros)
2025-08-05 07:09:09,896 - __main__ - INFO -    - Salvando: c:\Users\PICHAU\Desktop\robo-de-busca\6-classificacao\Cidade\Belo_Horizonte.csv (5 registros)
2025-08-05 07:09:09,897 - __main__ - INFO -    - Salvando: c:\Users\PICHAU\Desktop\robo-de-busca\6-classificacao\Cidade\Belém.csv (5 registros)
2025-08-05 07:09:09,898 - __main__ - INFO -    - Salvando: c:\Users\PICHAU\Desktop\robo-de-busca\6-classificacao\Cidade\Brasilia.csv (4 registros)
2025-08-05 07:09:09,899 - __main__ - INFO -    - Salvando: c:\Users\PICHAU\Desktop\robo-de-busca\6-classificacao\Cidade\Curitiba.csv (13 registros)
2025-08-05 07:09:09,902 - __main__ - INFO -    - Salvando: c:\Users\PICHAU\Desktop\robo-de-busca\6-classificacao\Cidade\Fortaleza.csv (22 registros)
2025-08-05 07:09:09,903 - __main__ - INFO -    - Salvando: c:\Users\PICHAU\Desktop\robo-de-busca\6-classificacao\Cidade\Goiânia.csv (41 registros)
2025-08-05 07:09:09,904 - __main__ - INFO -    - Salvando: c:\Users\PICHAU\Desktop\robo-de-busca\6-classificacao\Cidade\Gurupi.csv (3 registros)
2025-08-05 07:09:09,905 - __main__ - INFO -    - Salvando: c:\Users\PICHAU\Desktop\robo-de-busca\6-classificacao\Cidade\Manaus.csv (8 registros)
2025-08-05 07:09:09,906 - __main__ - INFO -    - Salvando: c:\Users\PICHAU\Desktop\robo-de-busca\6-classificacao\Cidade\Palmas.csv (40 registros)
2025-08-05 07:09:09,908 - __main__ - INFO -    - Salvando: c:\Users\PICHAU\Desktop\robo-de-busca\6-classificacao\Cidade\Porto_Alegre.csv (24 registros)
2025-08-05 07:09:09,908 - __main__ - INFO -    - Salvando: c:\Users\PICHAU\Desktop\robo-de-busca\6-classificacao\Cidade\Porto_Nacional.csv (1 registros)
2025-08-05 07:09:09,909 - __main__ - INFO -    - Salvando: c:\Users\PICHAU\Desktop\robo-de-busca\6-classificacao\Cidade\Recife.csv (4 registros)
2025-08-05 07:09:09,910 - __main__ - INFO -    - Salvando: c:\Users\PICHAU\Desktop\robo-de-busca\6-classificacao\Cidade\Rio_De_Janeiro.csv (15 registros)
2025-08-05 07:09:09,912 - __main__ - INFO -    - Salvando: c:\Users\PICHAU\Desktop\robo-de-busca\6-classificacao\Cidade\Salvador.csv (12 registros)
2025-08-05 07:09:09,913 - __main__ - INFO -    - Salvando: c:\Users\PICHAU\Desktop\robo-de-busca\6-classificacao\Cidade\São_Paulo.csv (34 registros)
2025-08-05 07:09:10,000 - __main__ - INFO -    - Salvando: c:\Users\PICHAU\Desktop\robo-de-busca\6-classificacao\Eh Estudante\Não.csv (13169 registros)
2025-08-05 07:09:10,004 - __main__ - INFO -    - Salvando: c:\Users\PICHAU\Desktop\robo-de-busca\6-classificacao\Eh Estudante\Sim.csv (276 registros)
2025-08-05 07:09:10,097 - __main__ - INFO -    - Salvando: c:\Users\PICHAU\Desktop\robo-de-busca\6-classificacao\Genero Inferido\Indefinido.csv (13445 registros)
2025-08-05 07:09:10,184 - __main__ - INFO -    - Salvando: c:\Users\PICHAU\Desktop\robo-de-busca\6-classificacao\Nivel Influencia\Iniciante.csv (13167 registros)
2025-08-05 07:09:10,187 - __main__ - INFO -    - Salvando: c:\Users\PICHAU\Desktop\robo-de-busca\6-classificacao\Nivel Influencia\Nano.csv (269 registros)
2025-08-05 07:09:10,188 - __main__ - INFO -    - Salvando: c:\Users\PICHAU\Desktop\robo-de-busca\6-classificacao\Nivel Influencia\Micro.csv (9 registros)
2025-08-05 07:09:10,190 - __main__ - INFO -    - Salvando: c:\Users\PICHAU\Desktop\robo-de-busca\6-classificacao\Nivel Influencia\Médio.csv (0 registros)
2025-08-05 07:09:10,191 - __main__ - INFO -    - Salvando: c:\Users\PICHAU\Desktop\robo-de-busca\6-classificacao\Nivel Influencia\MacroMega.csv (0 registros)
